Arguments: 
  D:\Program Files\nodejs\node.exe D:\Program Files\nodejs\node_global\node_modules\yarn\bin\yarn.js add generator-yeoman

PATH: 
  D:\Program Files (x86)\NetSarang\Xftp 6\;D:\Program Files (x86)\NetSarang\Xshell 6\;C:\WINDOWS\system32\WBEM;D:\app\csy\product\11.2.0\client_1;D:\Program Files (x86)\Python37-32\Scripts\;D:\Program Files (x86)\Python37-32\;D:\Users\admin\AppData\Local\Programs\Python\Python37-32\Scripts\;D:\Users\admin\AppData\Local\Programs\Python\Python37-32\;D:\Program Files\Java\jdk1.8.0_131\bin;D:\Program Files\Java\jdk1.8.0_131\jre\bin;D:\apache-maven-3.5.0\bin;C:\WINDOWS\system32;C:\WINDOWS;C:\WINDOWS\System32\Wbem;C:\WINDOWS\System32\WindowsPowerShell\v1.0\;D:\apache-tomcat-8.5.15\bin;D:\Program Files\TortoiseSVN\bin;C:\ProgramData\Oracle\Java\javapath;D:\Program Files\nodejs\node_modules;D:\Program Files\nodejs\node_global;C:\WINDOWS\System32\OpenSSH\;C:\Users\admin\AppData\Local\Microsoft\WindowsApps;d:\Program Files (x86)\SSH Communications Security\SSH Secure Shell;d:\Program Files\JetBrains\PyCharm Community Edition 2019.1.2\bin;d:\Program Files\JetBrains\PyCharm 2019.1.2\bin;D:\Program Files\Microsoft VS Code\bin;D:\mongo\bin;D:\flutter\bin;D:\Program Files\Git\cmd;D:\Program Files\nodejs\;C:\WINDOWS\system32;C:\WINDOWS;C:\WINDOWS\System32\Wbem;C:\WINDOWS\System32\WindowsPowerShell\v1.0\;C:\WINDOWS\System32\OpenSSH\;C:\Users\admin\AppData\Local\Microsoft\WindowsApps;d:\Program Files (x86)\SSH Communications Security\SSH Secure Shell;d:\Program Files (x86)\Microsoft VS Code\bin;D:\Program Files\nodejs\node_global;d:\Program Files\JetBrains\PyCharm Community Edition 2019.1.2\bin;;d:\Program Files\JetBrains\PyCharm 2019.1.2\bin;;C:\Users\admin\AppData\Roaming\npm;C:\Users\admin\AppData\Local\Yarn\Data\bin;

Yarn version: 
  1.22.10

Node version: 
  14.16.0

Platform: 
  win32 x64

Trace: 
  Error: https://registry.yarnpkg.com/generator-yeoman: Not found
      at Request.params.callback [as _callback] (D:\Program Files\nodejs\node_global\node_modules\yarn\lib\cli.js:66988:18)
      at Request.self.callback (D:\Program Files\nodejs\node_global\node_modules\yarn\lib\cli.js:140662:22)
      at Request.emit (events.js:315:20)
      at Request.<anonymous> (D:\Program Files\nodejs\node_global\node_modules\yarn\lib\cli.js:141634:10)
      at Request.emit (events.js:315:20)
      at IncomingMessage.<anonymous> (D:\Program Files\nodejs\node_global\node_modules\yarn\lib\cli.js:141556:12)
      at Object.onceWrapper (events.js:421:28)
      at IncomingMessage.emit (events.js:327:22)
      at endReadableNT (internal/streams/readable.js:1327:12)
      at processTicksAndRejections (internal/process/task_queues.js:80:21)

npm manifest: 
  {
    "name": "generator-csy-vue",
    "version": "1.0.0",
    "main": "index.js",
    "license": "MIT"
  }

yarn manifest: 
  No manifest

Lockfile: 
  No lockfile
